<?xml version="1.0" encoding="UTF-8"?>
<testsuite name="RandomNumberTest" tests="6" skipped="0" failures="0" errors="0" timestamp="2015-11-23T06:34:28" hostname="Miss-Lu-MacBook-Pro.local" time="0.094">
  <properties/>
  <testcase name="test_random_number_length_equalto_4" classname="RandomNumberTest" time="0.001"/>
  <testcase name="test_random_number_is_random_in_5_times" classname="RandomNumberTest" time="0.0"/>
  <testcase name="setUp" classname="RandomNumberTest" time="0.001"/>
  <testcase name="test_random_number_each_number_is_int" classname="RandomNumberTest" time="0.089"/>
  <testcase name="test_random_number_no_repeat" classname="RandomNumberTest" time="0.0"/>
  <testcase name="test_random_number_is_random_in_10_times" classname="RandomNumberTest" time="0.0"/>
  <system-out><![CDATA[]]></system-out>
  <system-err><![CDATA[]]></system-err>
</testsuite>
